Generating World...
Changing Screen Buffer Size Failed! Reason: 87
World Size: {Width: 120, Height: 30}
Basic World Generated. Smoothing Terrain...
Smooth Terrain Completed. Generating Beaches...
Generated Beaches. Generating Forestry...
Forestry Generated. Finding Suitable Player Spawn
Suitable Spawn Found.
World Generated. Spawning Player...
Items in Inventory: 1
Current Player Position: {X: 96, Y: 12}
Generating World...
Changing Screen Buffer Size Failed! Reason: 87
World Size: {Width: 120, Height: 30}
Basic World Generated. Smoothing Terrain...
Smooth Terrain Completed. Generating Beaches...
Generated Beaches. Generating Forestry...
Forestry Generated. Finding Suitable Player Spawn
Suitable Spawn Found.
World Generated. Spawning Player...
Items in Inventory: 1
Current Player Position: {X: 103, Y: 15}
Generating World...
Changing Screen Buffer Size Failed! Reason: 87
World Size: {Width: 120, Height: 1}
Basic World Generated. Smoothing Terrain...
Smooth Terrain Completed. Generating Beaches...
Generated Beaches. Generating Forestry...
Forestry Generated. Finding Suitable Player Spawn
Generating World...
Changing Screen Buffer Size Failed! Reason: 87
World Size: {Width: 120, Height: 30}
Basic World Generated. Smoothing Terrain...
Smooth Terrain Completed. Generating Beaches...
Generated Beaches. Generating Forestry...
Forestry Generated. Finding Suitable Player Spawn
Suitable Spawn Found.
World Generated. Spawning Player...
Items in Inventory: 1
Current Player Position: {X: 97, Y: 9}
Generating World...
Changing Screen Buffer Size Failed! Reason: 87
World Size: {Width: 120, Height: 30}
Basic World Generated. Smoothing Terrain...
Smooth Terrain Completed. Generating Beaches...
Generated Beaches. Generating Forestry...
Forestry Generated. Finding Suitable Player Spawn
Suitable Spawn Found.
World Generated. Spawning Player...
Items in Inventory: 1
Current Player Position: {X: 73, Y: 8}
